<?xml version="1.0" encoding="UTF-8"?>
<!-- Generated by org.testng.reporters.JUnitXMLReporter -->
<testsuite ignored="0" hostname="LAPTOP-V79E0VAK" failures="1" tests="2" name="Test" time="39.402" errors="0" timestamp="2023-05-23T17:45:35 IDT">
  <testcase classname="testCases.TC_002_LoginTest" name="test_login_failed" time="13.484">
    <failure type="java.lang.AssertionError" message="expected [Warning: No match for E-Mail Address and/or Password] but found [Warning: No match for E-Mail Address and/or Password.]">
      <![CDATA[java.lang.AssertionError: expected [Warning: No match for E-Mail Address and/or Password] but found [Warning: No match for E-Mail Address and/or Password.]
at testCases.TC_002_LoginTest.test_login_failed(TC_002_LoginTest.java:50)
at java.base/java.util.ArrayList.forEach(ArrayList.java:1511)
... Removed 37 stack frames]]>
    </failure>
  </testcase> <!-- test_login_failed -->
  <testcase classname="testCases.TC_002_LoginTest" name="test_login" time="13.382"/>
</testsuite> <!-- Test -->
